<?xml version="1.0" encoding="UTF-8"?>
<!-- Generated by org.testng.reporters.JUnitReportReporter -->
<testsuite hostname="LAPTOP-56NTT3S9" failures="0" tests="1" name="Login_Functionality.LoginTest" time="18.091" errors="0" timestamp="2024-03-13T19:30:51 IST" skipped="0">
  <testcase classname="Login_Functionality.LoginTest" name="TestLogin" time="18.091"/>
</testsuite> <!-- Login_Functionality.LoginTest -->
