<?xml version="1.0" encoding="UTF-8"?>
<!-- Generated by org.testng.reporters.JUnitReportReporter -->
<testsuite hostname="LAPTOP-56NTT3S9" failures="0" tests="3" name="Login_Functionality.LoginTest" time="53.276" errors="0" timestamp="2024-03-23T11:21:18 IST" skipped="0">
  <testcase classname="Login_Functionality.LoginTest" name="Login" time="19.332"/>
  <testcase classname="Login_Functionality.LoginTest" name="BalanceCheck" time="7.412"/>
  <testcase classname="Login_Functionality.LoginTest" name="Deposit" time="26.532"/>
</testsuite> <!-- Login_Functionality.LoginTest -->
