<?xml version="1.0" encoding="UTF-8"?>
<!-- Generated by org.testng.reporters.JUnitReportReporter -->
<testsuite hostname="LAPTOP-56NTT3S9" failures="0" tests="3" name="Login_Functionality.LoginTest" time="51.312" errors="0" timestamp="2024-03-14T01:52:54 IST" skipped="0">
  <testcase classname="Login_Functionality.LoginTest" name="Login" time="18.028"/>
  <testcase classname="Login_Functionality.LoginTest" name="BalanceCheck" time="7.322"/>
  <testcase classname="Login_Functionality.LoginTest" name="Deposit" time="25.962"/>
</testsuite> <!-- Login_Functionality.LoginTest -->
