<?xml version="1.0" encoding="UTF-8"?>
<!-- Generated by org.testng.reporters.JUnitReportReporter -->
<testsuite hostname="LAPTOP-56NTT3S9" failures="0" tests="1" name="Login_Functionality.LoginTest" time="14.089" errors="0" timestamp="2024-03-13T18:55:33 IST" skipped="0">
  <testcase classname="Login_Functionality.LoginTest" name="TestLogin" time="14.089"/>
</testsuite> <!-- Login_Functionality.LoginTest -->
